2020-01-08 15:11:50.853796 - 
{
    'coord':
    {
        'lon': 20.42, 'lat': 44.81
    }, 
    'weather': [{'id': 701, 'main': 'Mist', 'description': 'mist', 'icon': '50d'}], 
    'base': 'stations', 
    'main': 
    {
        'temp': 273.15, 'feels_like': 270.09, 'temp_min': 273.15, 'temp_max': 273.15, 'pressure': 1034, 'humidity': 64
    }
    , 'visibility': 4000, 
    'wind': 
    {
        'speed': 0.5
    }, 
    'clouds': 
    {
        'all': 90
    }, 
    'dt': 1578492268, 
    'sys': 
    {
        'type': 1, 'id': 7028, 'country': 'RS', 'sunrise': 1578464116, 'sunset': 1578496426
    }, 
    'timezone': 3600, 'id': 787607, 'name': 'Novi Beograd', 'cod': 200
 }
